Build started 11/29/2015 11:06:44 AM.
     1>Project "C:\Projects\AI_P2\AI P2\PlanetCollision.vcxproj" on node 2 (Build target(s)).
     1>ClCompile:
         C:\Program Files (x86)\Microsoft Visual Studio 11.0\VC\bin\CL.exe /c /I"C:\Program Files (x86)\Microsoft DirectX SDK (June 2010)\\Include" /Zi /nologo /W3 /WX- /O2 /Oi /Oy- /GL /D _MBCS /Gm- /EHsc /MT /GS /Gy /fp:precise /Zc:wchar_t /Zc:forScope /Fo"Release\\" /Fd"Release\vc110.pdb" /Gd /TP /analyze- /errorReport:prompt TextDX.cpp game.cpp graphics.cpp image.cpp input.cpp textureManager.cpp veletas.cpp winmain.cpp
         TextDX.cpp
         game.cpp
         graphics.cpp
         image.cpp
         input.cpp
         textureManager.cpp
         veletas.cpp
     1>veletas.cpp(68): warning C4244: 'argument' : conversion from 'time_t' to 'unsigned int', possible loss of data
     1>veletas.cpp(184): warning C4018: '<' : signed/unsigned mismatch
     1>veletas.cpp(187): warning C4244: 'argument' : conversion from 'int' to 'float', possible loss of data
     1>veletas.cpp(188): warning C4244: 'argument' : conversion from 'int' to 'float', possible loss of data
     1>veletas.cpp(302): warning C4244: 'argument' : conversion from 'int' to 'float', possible loss of data
         winmain.cpp
       Link:
         C:\Program Files (x86)\Microsoft Visual Studio 11.0\VC\bin\link.exe /ERRORREPORT:PROMPT /OUT:"C:\Projects\AI_P2\AI P2\Release\Veletas.exe" /NOLOGO /LIBPATH:"C:\Program Files (x86)\Microsoft DirectX SDK (June 2010)\\Lib\x86" d3d9.lib d3dx9.lib winmm.lib xinput.lib kernel32.lib user32.lib gdi32.lib winspool.lib comdlg32.lib advapi32.lib shell32.lib ole32.lib oleaut32.lib uuid.lib odbc32.lib odbccp32.lib /MANIFEST /MANIFESTUAC:"level='asInvoker' uiAccess='false'" /manifest:embed /DEBUG /PDB:"C:\Projects\AI_P2\AI P2\Release\Veletas.pdb" /OPT:REF /OPT:ICF /LTCG /TLBID:1 /DYNAMICBASE /NXCOMPAT /IMPLIB:"C:\Projects\AI_P2\AI P2\Release\Veletas.lib" /MACHINE:X86 /SAFESEH Release\game.obj
         Release\graphics.obj
         Release\image.obj
         Release\input.obj
         Release\TextDX.obj
         Release\veletas.obj
         Release\textureManager.obj
         Release\winmain.obj
         Generating code
         Finished generating code
         PlanetCollision.vcxproj -> C:\Projects\AI_P2\AI P2\Release\Veletas.exe
     1>Done Building Project "C:\Projects\AI_P2\AI P2\PlanetCollision.vcxproj" (Build target(s)).

Build succeeded.

Time Elapsed 00:00:07.31
