C:\PROJECTS\AI_P2\AI P2\DEBUG\GAME.OBJ
C:\PROJECTS\AI_P2\AI P2\DEBUG\GRAPHICS.OBJ
C:\PROJECTS\AI_P2\AI P2\DEBUG\IMAGE.OBJ
C:\PROJECTS\AI_P2\AI P2\DEBUG\INPUT.OBJ
C:\PROJECTS\AI_P2\AI P2\DEBUG\TEXTDX.OBJ
C:\PROJECTS\AI_P2\AI P2\DEBUG\VELETAS.OBJ
C:\PROJECTS\AI_P2\AI P2\DEBUG\TEXTUREMANAGER.OBJ
C:\PROJECTS\AI_P2\AI P2\DEBUG\WINMAIN.OBJ
C:\PROJECTS\AI_P2\AI P2\DEBUG\VC110.PDB
C:\PROJECTS\AI_P2\AI P2\DEBUG\VELETAS.ILK
C:\PROJECTS\AI_P2\AI P2\DEBUG\VELETAS.EXE
C:\PROJECTS\AI_P2\AI P2\DEBUG\VELETAS.PDB
C:\Projects\AI_P2\AI P2\Debug\game.obj
C:\Projects\AI_P2\AI P2\Debug\graphics.obj
C:\Projects\AI_P2\AI P2\Debug\image.obj
C:\Projects\AI_P2\AI P2\Debug\input.obj
C:\Projects\AI_P2\AI P2\Debug\TextDX.obj
C:\Projects\AI_P2\AI P2\Debug\textureManager.obj
C:\Projects\AI_P2\AI P2\Debug\veletas.obj
C:\Projects\AI_P2\AI P2\Debug\winmain.obj
C:\Projects\AI_P2\AI P2\Debug\Veletas.ilk
C:\Projects\AI_P2\AI P2\Debug\cl.command.1.tlog
C:\Projects\AI_P2\AI P2\Debug\CL.read.1.tlog
C:\Projects\AI_P2\AI P2\Debug\CL.write.1.tlog
C:\Projects\AI_P2\AI P2\Debug\link-cvtres.read.1.tlog
C:\Projects\AI_P2\AI P2\Debug\link-cvtres.write.1.tlog
C:\Projects\AI_P2\AI P2\Debug\link-rc.read.1.tlog
C:\Projects\AI_P2\AI P2\Debug\link-rc.write.1.tlog
C:\Projects\AI_P2\AI P2\Debug\link.command.1.tlog
C:\Projects\AI_P2\AI P2\Debug\link.read.1.tlog
C:\Projects\AI_P2\AI P2\Debug\link.write.1.tlog
C:\Projects\AI_P2\AI P2\Debug\vc110.idb
C:\Projects\AI_P2\AI P2\Debug\vc110.pdb
C:\Projects\AI_P2\AI P2\Debug\Veletas.pdb
C:\Projects\AI_P2\AI P2\Debug\Veletas.exe
